<?xml version="1.0" encoding="utf-8"?><testsuites name="pytest tests"><testsuite name="pytest" errors="0" failures="0" skipped="0" tests="27" time="8.266" timestamp="2026-09-20T06:27:58.296726+00:00" hostname="agent-env-a146f42c-2735-41f4-9a91-1d9a5854ed5d"><testcase classname="tests.backend_test.TestAuth" name="test_login_admin_me" time="0.659" /><testcase classname="tests.backend_test.TestAuth" name="test_login_wrong_password" time="0.574" /><testcase classname="tests.backend_test.TestRBAC" name="test_member_forbidden_create_sequence" time="1.313" /><testcase classname="tests.backend_test.TestAuth" name="test_register_new_user" time="0.359" /><testcase classname="tests.backend_test.TestRBAC" name="test_member_forbidden_create_shot" time="0.347" /><testcase classname="tests.backend_test.TestAuth" name="test_register_duplicate" time="0.123" /><testcase classname="tests.backend_test.TestAuth" name="test_logout_clears" time="0.727" /><testcase classname="tests.backend_test.TestRBAC" name="test_reviewer_cannot_create_structure" time="0.567" /><testcase classname="tests.backend_test.TestRBAC" name="test_member_forbidden_assign" time="0.140" /><testcase classname="tests.backend_test.TestAssignments" name="test_assign_shot_valid_member" time="0.249" /><testcase classname="tests.backend_test.TestAuth" name="test_forgot_password_generic_registered" time="0.110" /><testcase classname="tests.backend_test.TestAuth" name="test_forgot_password_generic_unregistered" time="0.242" /><testcase classname="tests.backend_test.TestAssignments" name="test_assign_invalid_non_member" time="0.122" /><testcase classname="tests.backend_test.TestAssignments" name="test_board_groups" time="0.061" /><testcase classname="tests.backend_test.TestAuth" name="test_reset_password_flow" time="1.366" /><testcase classname="tests.backend_test.TestAssignments" name="test_board_mine" time="0.066" /><testcase classname="tests.backend_test.TestProjects" name="test_secretary_create_project" time="0.872" /><testcase classname="tests.backend_test.TestProjects" name="test_member_cannot_create_project" time="0.295" /><testcase classname="tests.backend_test.TestStructure" name="test_admin_create_sequence_scene_shot" time="0.234" /><testcase classname="tests.backend_test.TestStructure" name="test_stale_rev_returns_409" time="0.290" /><testcase classname="tests.backend_test.TestAudit" name="test_audit_view_and_restore_update" time="0.347" /><testcase classname="tests.backend_test.TestVersions" name="test_chunked_upload_and_review" time="1.775" /><testcase classname="tests.backend_test.TestAudit" name="test_audit_forbidden_for_member" time="0.150" /><testcase classname="tests.backend_test.TestScripts" name="test_manual_import_diff_confirm" time="0.258" /><testcase classname="tests.backend_test.TestDashboard" name="test_dashboard_admin" time="0.152" /><testcase classname="tests.backend_test.TestVersions" name="test_review_fail_and_returns" time="0.703" /><testcase classname="tests.backend_test.TestVersions" name="test_review_stale_version_conflict" time="1.004" /></testsuite></testsuites>