<?xml version="1.0" encoding="utf-8"?><testsuites name="pytest tests"><testsuite name="pytest" errors="0" failures="1" skipped="0" tests="14" time="21.940" timestamp="2026-09-20T06:45:06.702516+00:00" hostname="agent-env-a146f42c-2735-41f4-9a91-1d9a5854ed5d"><testcase classname="tests.test_phase2.TestCanvas" name="test_get_auto_create_empty" time="0.607" /><testcase classname="tests.test_phase2.TestCanvas" name="test_put_increments_rev" time="0.137" /><testcase classname="tests.test_phase2.TestCanvas" name="test_put_stale_rev_409" time="0.128" /><testcase classname="tests.test_phase2.TestCanvas" name="test_reviewer_view_ok_write_forbidden" time="0.747" /><testcase classname="tests.test_phase2.TestAIScriptImport" name="test_ai_parse_gemini" time="12.993" /><testcase classname="tests.test_phase2.TestCanvas" name="test_member_write_allowed" time="2.587" /><testcase classname="tests.test_phase2.TestScriptSelectedCodes" name="test_confirm_only_selected" time="0.275" /><testcase classname="tests.test_phase2.TestScriptSelectedCodes" name="test_confirm_additive_skip_existing" time="0.198"><failure message="assert 2 == 1">backend/tests/test_phase2.py:137: in test_confirm_additive_skip_existing
    assert rc.json()["created_scenes"] == 1
E   assert 2 == 1</failure></testcase><testcase classname="tests.test_phase2.TestDownloadCookie" name="test_download_via_cookie" time="0.336" /><testcase classname="tests.test_phase2.TestDownloadCookie" name="test_download_unauthenticated" time="0.667" /><testcase classname="tests.test_phase2.TestCanvasSnapshots" name="test_create_list_restore" time="0.555" /><testcase classname="tests.test_phase2.TestAIScriptImport" name="test_ai_parse_default_provider" time="7.909" /><testcase classname="tests.test_phase2.TestAIScriptImport" name="test_ai_parse_invalid_provider" time="0.062" /><testcase classname="tests.test_phase2.TestAIScriptImport" name="test_ai_parse_member_forbidden" time="0.437" /></testsuite></testsuites>