<?xml version="1.0" encoding="utf-8"?><testsuites name="pytest tests"><testsuite name="pytest" errors="0" failures="0" skipped="0" tests="9" time="2.373" timestamp="2026-09-20T08:38:03.415405+00:00" hostname="agent-env-a146f42c-2735-41f4-9a91-1d9a5854ed5d"><testcase classname="tests.test_phase3.TestBulkAssignShots" name="test_bulk_assign_shots" time="0.901" /><testcase classname="tests.test_phase3.TestStaffing" name="test_calendar_default_week" time="0.720" /><testcase classname="tests.test_phase3.TestStaffing" name="test_calendar_specific_week" time="0.059" /><testcase classname="tests.test_phase3.TestStaffing" name="test_calendar_populated_after_deadline_set" time="0.299" /><testcase classname="tests.test_phase3.TestBulkAssignShots" name="test_bulk_assign_shots_invalid_member" time="0.120" /><testcase classname="tests.test_phase3.TestWeeklyReport" name="test_weekly_json" time="0.066" /><testcase classname="tests.test_phase3.TestBulkAssignPostTasks" name="test_bulk_assign_post_tasks" time="0.487" /><testcase classname="tests.test_phase3.TestWeeklyReport" name="test_weekly_pdf" time="0.131" /><testcase classname="tests.test_phase3.TestDeadlineFlag" name="test_past_deadline_flags_overdue_in_staffing" time="0.298" /></testsuite></testsuites>