<?xml version="1.0" encoding="utf-8"?><testsuites name="pytest tests"><testsuite name="pytest" errors="0" failures="0" skipped="0" tests="9" time="24.006" timestamp="2026-09-20T10:42:19.424523+00:00" hostname="agent-env-a146f42c-2735-41f4-9a91-1d9a5854ed5d"><testcase classname="tests.test_resources.TestAutoMap" name="test_auto_map" time="22.981" /><testcase classname="tests.test_resources.TestResourceCRUD" name="test_list_initial" time="3.727" /><testcase classname="tests.test_resources.TestResourceCRUD" name="test_create_character_and_get" time="0.195" /><testcase classname="tests.test_resources.TestResourceCRUD" name="test_create_background_upload_delete" time="0.383" /><testcase classname="tests.test_resources.TestResourceCRUD" name="test_invalid_kind" time="0.057" /><testcase classname="tests.test_resources.TestScenePatch" name="test_patch_characters_and_bg_persist" time="0.242" /><testcase classname="tests.test_resources.TestAutoMap" name="test_bg_assigned_to_cafe_scene" time="0.075" /><testcase classname="tests.test_resources.TestBuildScenes" name="test_build_creates_frames" time="0.077" /><testcase classname="tests.test_resources.TestBuildScenes" name="test_scene_canvas_independent_from_project" time="0.374" /></testsuite></testsuites>